<?xml version="1.0" encoding="windows-1251" ?>
<document>
        <item val="Приве"/>
        <p> Привет ещё раз</p>
</document>
