<?xml version="1.0" encoding="windows-1251" ?>
<document>
        asd
        <item val="Приве"/>
        <p> Привет ещё раз</p>
        <a>
</document>
